<?xml version="1.0" encoding="UTF-8"?>
<!-- Generated by org.testng.reporters.JUnitXMLReporter -->
<testsuite ignored="1" hostname="DESKTOP-D81VS65" failures="0" tests="4" name="OrangeHrmMyinfo" time="12.493" errors="0" timestamp="2023-04-12T10:13:57 IST">
  <testcase classname="com.hyr.Tests.OrangeHrm" name="LaunchApp" time="2.899"/>
  <testcase classname="com.hyr.Tests.OrangeHrm" name="EnterLoginDetails" time="1.95"/>
  <testcase classname="com.hyr.Tests.OrangeHrm" name="NavigateToMyinfo" time="5.32"/>
  <testcase classname="com.hyr.Tests.OrangeHrm" name="VerifyMyinfo" time="0.637"/>
  <testcase classname="com.hyr.Tests.OrangeHrm" name="VerifyLogin" time="0.0">
    <ignored/>
  </testcase> <!-- VerifyLogin -->
</testsuite> <!-- OrangeHrmMyinfo -->
