<?xml version="1.0" encoding="UTF-8"?>
<!-- Generated by org.testng.reporters.JUnitXMLReporter -->
<testsuite ignored="2" hostname="DESKTOP-D81VS65" failures="0" tests="3" name="OrangeHrmLogin" time="10.197" errors="0" timestamp="2023-04-12T10:13:45 IST">
  <testcase classname="com.hyr.Tests.OrangeHrm" name="LaunchApp" time="2.626"/>
  <testcase classname="com.hyr.Tests.OrangeHrm" name="EnterLoginDetails" time="2.085"/>
  <testcase classname="com.hyr.Tests.OrangeHrm" name="VerifyLogin" time="0.519"/>
  <testcase classname="com.hyr.Tests.OrangeHrm" name="NavigateToMyinfo" time="0.0">
    <ignored/>
  </testcase> <!-- NavigateToMyinfo -->
  <testcase classname="com.hyr.Tests.OrangeHrm" name="VerifyMyinfo" time="0.0">
    <ignored/>
  </testcase> <!-- VerifyMyinfo -->
</testsuite> <!-- OrangeHrmLogin -->
