<?xml version="1.0" encoding="UTF-8"?>
<testng-results ignored="0" total="1" passed="1" failed="0" skipped="0">
  <reporter-output>
  </reporter-output>
  <suite started-at="2023-04-24T15:54:09 IST" name="Default suite" finished-at="2023-04-24T15:54:10 IST" duration-ms="1179">
    <groups>
    </groups>
    <test started-at="2023-04-24T15:54:09 IST" name="Default test" finished-at="2023-04-24T15:54:10 IST" duration-ms="1179">
      <class name="Practice.Jdbc_connector">
        <test-method signature="database()[pri:0, instance:Practice.Jdbc_connector@611889f4]" started-at="2023-04-24T15:54:09 IST" name="database" finished-at="2023-04-24T15:54:10 IST" duration-ms="1092" status="PASS">
          <reporter-output>
          </reporter-output>
        </test-method> <!-- database -->
      </class> <!-- Practice.Jdbc_connector -->
    </test> <!-- Default test -->
  </suite> <!-- Default suite -->
</testng-results>
